<?xml version="1.0" encoding="UTF-8"?>
<!-- Generated by org.testng.reporters.JUnitReportReporter -->
<testsuite hostname="sanjeev-HP-241-G1" failures="0" tests="2" name="com.mystore.TestCases.IndexPageTest" time="25.072" errors="0" timestamp="2021-11-23T20:44:29 IST" skipped="0">
  <testcase classname="com.mystore.TestCases.IndexPageTest" name="ValidatingTheLogo" time="11.274"/>
  <system-out/>
  <testcase classname="com.mystore.TestCases.IndexPageTest" name="ValidatingTheTitle" time="13.798"/>
  <system-out/>
</testsuite> <!-- com.mystore.TestCases.IndexPageTest -->
