<?xml version="1.0" encoding="UTF-8"?>
<!-- Generated by org.testng.reporters.JUnitReportReporter -->
<testsuite hostname="sanjeev-HP-241-G1" failures="0" tests="1" name="com.mystore.TestCases.AccountCreationPageTest" time="17.993" errors="0" timestamp="2021-11-23T20:44:29 IST" skipped="0">
  <testcase classname="com.mystore.TestCases.AccountCreationPageTest" name="CreatingAccTest" time="17.993"/>
  <system-out/>
</testsuite> <!-- com.mystore.TestCases.AccountCreationPageTest -->
