<?xml version="1.0" encoding="UTF-8"?>
<!-- Generated by org.testng.reporters.JUnitReportReporter -->
<testsuite hostname="sanjeev-HP-241-G1" failures="0" tests="2" name="com.mystore.TestCases.HomePageTest" time="34.549" errors="0" timestamp="2021-11-23T20:44:29 IST" skipped="0">
  <testcase classname="com.mystore.TestCases.HomePageTest" name="ValidateOrderHistoryandDetailsTest" time="18.336"/>
  <system-out/>
  <testcase classname="com.mystore.TestCases.HomePageTest" name="ValidateMyWishListTest" time="16.213"/>
  <system-out/>
</testsuite> <!-- com.mystore.TestCases.HomePageTest -->
